<?xml version="1.0" encoding="UTF-8"?>
<testsuite xmlns:xsi="http://www.w3.org/2001/XMLSchema-instance" xsi:noNamespaceSchemaLocation="https://maven.apache.org/surefire/maven-surefire-plugin/xsd/surefire-test-report.xsd" name="com.wmz.mavendemo1.AppTest" time="0.028" tests="1" errors="0" skipped="0" failures="0">
  <properties>
    <property name="sun.desktop" value="windows"/>
    <property name="awt.toolkit" value="sun.awt.windows.WToolkit"/>
    <property name="file.encoding.pkg" value="sun.io"/>
    <property name="java.specification.version" value="1.8"/>
    <property name="sun.cpu.isalist" value="amd64"/>
    <property name="sun.jnu.encoding" value="GBK"/>
    <property name="java.class.path" value="e:\Program\IDEA\mavendemo1\target\test-classes;e:\Program\IDEA\mavendemo1\target\classes;C:\Users\36431\.m2\repository\junit\junit\4.11\junit-4.11.jar;C:\Users\36431\.m2\repository\org\hamcrest\hamcrest-core\1.3\hamcrest-core-1.3.jar;"/>
    <property name="java.vm.vendor" value="Oracle Corporation"/>
    <property name="sun.arch.data.model" value="64"/>
    <property name="user.variant" value=""/>
    <property name="java.vendor.url" value="http://java.oracle.com/"/>
    <property name="user.timezone" value="GMT+08:00"/>
    <property name="java.vm.specification.version" value="1.8"/>
    <property name="os.name" value="Windows 10"/>
    <property name="user.country" value="CN"/>
    <property name="sun.java.launcher" value="SUN_STANDARD"/>
    <property name="sun.boot.library.path" value="D:\Software\ProgramingSoftware\jdk1.8.0_221\jre\bin"/>
    <property name="sun.java.command" value="C:\Users\36431\AppData\Local\Temp\surefire8252218546240792659\surefirebooter6637702451225218182.jar C:\Users\36431\AppData\Local\Temp\surefire8252218546240792659 2020-01-06T21-33-32_242-jvmRun1 surefire6484720121862631140tmp surefire_01095067078679510627tmp"/>
    <property name="surefire.test.class.path" value="e:\Program\IDEA\mavendemo1\target\test-classes;e:\Program\IDEA\mavendemo1\target\classes;C:\Users\36431\.m2\repository\junit\junit\4.11\junit-4.11.jar;C:\Users\36431\.m2\repository\org\hamcrest\hamcrest-core\1.3\hamcrest-core-1.3.jar;"/>
    <property name="sun.cpu.endian" value="little"/>
    <property name="user.home" value="C:\Users\36431"/>
    <property name="user.language" value="zh"/>
    <property name="java.specification.vendor" value="Oracle Corporation"/>
    <property name="java.home" value="D:\Software\ProgramingSoftware\jdk1.8.0_221\jre"/>
    <property name="basedir" value="e:\Program\IDEA\mavendemo1"/>
    <property name="file.separator" value="\"/>
    <property name="line.separator" value="&#10;"/>
    <property name="java.vm.specification.vendor" value="Oracle Corporation"/>
    <property name="java.specification.name" value="Java Platform API Specification"/>
    <property name="java.awt.graphicsenv" value="sun.awt.Win32GraphicsEnvironment"/>
    <property name="surefire.real.class.path" value="C:\Users\36431\AppData\Local\Temp\surefire8252218546240792659\surefirebooter6637702451225218182.jar"/>
    <property name="sun.boot.class.path" value="D:\Software\ProgramingSoftware\jdk1.8.0_221\jre\lib\resources.jar;D:\Software\ProgramingSoftware\jdk1.8.0_221\jre\lib\rt.jar;D:\Software\ProgramingSoftware\jdk1.8.0_221\jre\lib\sunrsasign.jar;D:\Software\ProgramingSoftware\jdk1.8.0_221\jre\lib\jsse.jar;D:\Software\ProgramingSoftware\jdk1.8.0_221\jre\lib\jce.jar;D:\Software\ProgramingSoftware\jdk1.8.0_221\jre\lib\charsets.jar;D:\Software\ProgramingSoftware\jdk1.8.0_221\jre\lib\jfr.jar;D:\Software\ProgramingSoftware\jdk1.8.0_221\jre\classes"/>
    <property name="user.script" value=""/>
    <property name="sun.management.compiler" value="HotSpot 64-Bit Tiered Compilers"/>
    <property name="java.runtime.version" value="1.8.0_221-b11"/>
    <property name="user.name" value="36431"/>
    <property name="path.separator" value=";"/>
    <property name="os.version" value="10.0"/>
    <property name="java.endorsed.dirs" value="D:\Software\ProgramingSoftware\jdk1.8.0_221\jre\lib\endorsed"/>
    <property name="java.runtime.name" value="Java(TM) SE Runtime Environment"/>
    <property name="file.encoding" value="GBK"/>
    <property name="java.vm.name" value="Java HotSpot(TM) 64-Bit Server VM"/>
    <property name="localRepository" value="C:\Users\36431\.m2\repository"/>
    <property name="java.vendor.url.bug" value="http://bugreport.sun.com/bugreport/"/>
    <property name="java.io.tmpdir" value="C:\Users\36431\AppData\Local\Temp\"/>
    <property name="java.version" value="1.8.0_221"/>
    <property name="user.dir" value="e:\Program\IDEA\mavendemo1"/>
    <property name="os.arch" value="amd64"/>
    <property name="java.vm.specification.name" value="Java Virtual Machine Specification"/>
    <property name="java.awt.printerjob" value="sun.awt.windows.WPrinterJob"/>
    <property name="sun.os.patch.level" value=""/>
    <property name="java.library.path" value="D:\Software\ProgramingSoftware\jdk1.8.0_221\jre\bin;C:\Windows\Sun\Java\bin;C:\Windows\system32;C:\Windows;C:\Program Files\Microsoft MPI\Bin\;D:\Software\ProgramingSoftware\Xftp6\;D:\Software\ProgramingSoftware\Xshell6\;C:\ProgramData\Anaconda3;C:\ProgramData\Anaconda3\Library\mingw-w64\bin;C:\ProgramData\Anaconda3\Library\usr\bin;C:\ProgramData\Anaconda3\Library\bin;C:\ProgramData\Anaconda3\Scripts;D:\Software\ProgramingSoftware\Anaconda3;D:\Software\ProgramingSoftware\Anaconda3\Library\mingw-w64\bin;D:\Software\ProgramingSoftware\Anaconda3\Library\usr\bin;D:\Software\ProgramingSoftware\Anaconda3\Library\bin;D:\Software\ProgramingSoftware\Anaconda3\Scripts;C:\Program Files (x86)\Common Files\Oracle\Java\javapath;C:\Windows\system32;C:\Windows;C:\Windows\System32\Wbem;C:\Windows\System32\WindowsPowerShell\v1.0\;C:\Program Files\IDM Computer Solutions\UltraEdit;D:\Software\BasicSoftware\Calibre\;D:\Software\ProgramingSoftware\jdk1.8.0_221\bin;D:\Software\ProgramingSoftware\jre1.8.0_221\bin;D:\Software\ProgramingSoftware\AndroidSDK\platform-tools;D:\Software\ProgramingSoftware\Matlab2018\runtime\win64;D:\Software\ProgramingSoftware\Matlab2018\bin;E:\Program\C++\dll;C:\Users\36431\.gradle\wrapper\dists\gradle-5.4.1-all\3221gyojl5jsh0helicew7rwx\gradle-5.4.1\bin;C:\Program Files\Microsoft SQL Server\Client SDK\ODBC\130\Tools\Binn\;C:\Program Files (x86)\Microsoft SQL Server\140\Tools\Binn\;C:\Program Files\Microsoft SQL Server\140\Tools\Binn\;C:\Program Files\Microsoft SQL Server\140\DTS\Binn\;C:\Program Files (x86)\Microsoft SQL Server\150\DTS\Binn\;D:\Software\ProgramingSoftware\apache-maven-3.6.3\bin;D:\Software\ProgramingSoftware\Python3.7.3\Scripts\;D:\Software\ProgramingSoftware\Python3.7.3\;C:\Users\36431\AppData\Local\Microsoft\WindowsApps;;D:\Software\ProgramingSoftware\PyCharm\PyCharm 2019.1.3\bin;;D:\Software\ProgramingSoftware\Microsoft VS Code\bin;D:\Software\ProgramingSoftware\IntelliJ IDEA 2019.1.2\bin;;."/>
    <property name="java.vm.info" value="mixed mode"/>
    <property name="java.vendor" value="Oracle Corporation"/>
    <property name="java.vm.version" value="25.221-b11"/>
    <property name="java.ext.dirs" value="D:\Software\ProgramingSoftware\jdk1.8.0_221\jre\lib\ext;C:\Windows\Sun\Java\lib\ext"/>
    <property name="sun.io.unicode.encoding" value="UnicodeLittle"/>
    <property name="java.class.version" value="52.0"/>
  </properties>
  <testcase name="shouldAnswerWithTrue" classname="com.wmz.mavendemo1.AppTest" time="0.001"/>
</testsuite>